出错时间：2015-07-23 12:24:52
出错文件：/index.php
出错程序：
错误信息：Can not connect to MySQL server
----------------------------------------------------------------------------------------------------
出错时间：2015-07-23 12:24:57
出错文件：/
出错程序：
错误信息：Can not connect to MySQL server
----------------------------------------------------------------------------------------------------
出错时间：2015-07-23 12:30:08
出错文件：/
出错程序：
错误信息：Can not connect to MySQL server
----------------------------------------------------------------------------------------------------
出错时间：2015-07-23 12:30:11
出错文件：/
出错程序：
错误信息：Can not connect to MySQL server
----------------------------------------------------------------------------------------------------
出错时间：2015-07-23 12:37:59
出错文件：/
出错程序：
错误信息：Can not connect to MySQL server
----------------------------------------------------------------------------------------------------
出错时间：2015-07-23 12:38:05
出错文件：/index.php
出错程序：
错误信息：Can not connect to MySQL server
----------------------------------------------------------------------------------------------------
出错时间：2015-07-23 12:41:46
出错文件：/
出错程序：
错误信息：Can not connect to MySQL server
----------------------------------------------------------------------------------------------------
出错时间：2015-07-23 12:41:49
出错文件：/
出错程序：
错误信息：Can not connect to MySQL server
----------------------------------------------------------------------------------------------------
出错时间：2015-07-23 12:42:32
出错文件：/
出错程序：
错误信息：Can not connect to MySQL server
----------------------------------------------------------------------------------------------------
出错时间：2015-07-23 12:42:53
出错文件：/
出错程序：
错误信息：Can not connect to MySQL server
----------------------------------------------------------------------------------------------------
出错时间：2015-07-23 12:47:24
出错文件：/
出错程序：
错误信息：Can not connect to MySQL server
----------------------------------------------------------------------------------------------------
出错时间：2015-07-23 12:57:26
出错文件：/
出错程序：
错误信息：Can not connect to MySQL server
----------------------------------------------------------------------------------------------------
出错时间：2015-07-23 12:58:18
出错文件：/
出错程序：
错误信息：Can not connect to MySQL server
----------------------------------------------------------------------------------------------------
出错时间：2015-07-23 12:58:24
出错文件：/
出错程序：
错误信息：Can not connect to MySQL server
----------------------------------------------------------------------------------------------------
出错时间：2015-07-23 13:02:36
出错文件：/
出错程序：
错误信息：Can not connect to MySQL server
----------------------------------------------------------------------------------------------------
出错时间：2015-07-23 13:02:52
出错文件：/index.php
出错程序：
错误信息：Can not connect to MySQL server
----------------------------------------------------------------------------------------------------
出错时间：2015-07-23 13:03:37
出错文件：/index.php
出错程序：
错误信息：Can not connect to MySQL server
----------------------------------------------------------------------------------------------------
出错时间：2015-07-23 13:03:40
出错文件：/index.php
出错程序：
错误信息：Can not connect to MySQL server
----------------------------------------------------------------------------------------------------
出错时间：2015-07-23 13:12:35
出错文件：/game.php
出错程序：
错误信息：Can not connect to MySQL server
----------------------------------------------------------------------------------------------------
出错时间：2015-07-23 13:24:14
出错文件：/index.php
出错程序：
错误信息：Can not connect to MySQL server
----------------------------------------------------------------------------------------------------
出错时间：2015-07-23 13:24:15
出错文件：/
出错程序：
错误信息：Can not connect to MySQL server
----------------------------------------------------------------------------------------------------
出错时间：2015-07-23 13:26:09
出错文件：/game.php
出错程序：
错误信息：Can not connect to MySQL server
----------------------------------------------------------------------------------------------------
出错时间：2015-07-23 16:25:39
出错文件：/
出错程序：
错误信息：Can not connect to MySQL server
----------------------------------------------------------------------------------------------------
出错时间：2015-07-23 16:36:36
出错文件：/
出错程序：
错误信息：Can not connect to MySQL server
----------------------------------------------------------------------------------------------------
出错时间：2015-07-23 20:33:07
出错文件：/
出错程序：
错误信息：Can not connect to MySQL server
----------------------------------------------------------------------------------------------------
出错时间：2015-07-23 22:28:43
出错文件：/
出错程序：
错误信息：Can not connect to MySQL server
----------------------------------------------------------------------------------------------------
