出错时间：2015-07-24 07:29:29
出错文件：/
出错程序：
错误信息：Can not connect to MySQL server
----------------------------------------------------------------------------------------------------
出错时间：2015-07-24 07:29:30
出错文件：/
出错程序：
错误信息：Can not connect to MySQL server
----------------------------------------------------------------------------------------------------
出错时间：2015-07-24 07:30:15
出错文件：/
出错程序：
错误信息：Can not connect to MySQL server
----------------------------------------------------------------------------------------------------
出错时间：2015-07-24 07:30:15
出错文件：/
出错程序：
错误信息：Can not connect to MySQL server
----------------------------------------------------------------------------------------------------
出错时间：2015-07-24 09:13:20
出错文件：/
出错程序：
错误信息：Can not connect to MySQL server
----------------------------------------------------------------------------------------------------
